[+] Containers:
 |- [+] Container: /Game/Levels/PrototypeLevel
 |   |- [+] ActorDescs:
 |   |   |- Guid:1DE8D7AC4103A2EABA11649C7FCF8ACA BaseClass: NativeClass:/Script/Engine.SkyLight Name:SkyLight_UAID_A85E45CFE40401D200_1470380759 Label:SkyLight SpatiallyLoaded:0 Bounds:IsValid=true, Min=(X=0.000 Y=0.000 Z=0.000), Max=(X=0.000 Y=0.000 Z=0.000) RuntimeGrid:None EditorOnly:0 RuntimeOnly:0 HLODRelevant:0 FolderPath:Lighting FolderGuid:B7E9BD5B45A652654791988DEF54CCEB
 |   |   |- Guid:1F7CA867472BA696A8FD3F817AFB4738 BaseClass:/Game/Blueprints/BP_SplineLayoutTool.BP_SplineLayoutTool_C NativeClass:/Script/Engine.Actor Name:BP_SplineLayoutTool_C_UAID_846993C9AC3DA97401_1586575406 Label:BP_SplineLayoutTool SpatiallyLoaded:1 Bounds:IsValid=true, Min=(X=47877.133 Y=32372.260 Z=-18586.579), Max=(X=1680827.241 Y=57471.499 Z=22004.386) RuntimeGrid:None EditorOnly:0 RuntimeOnly:0 HLODRelevant:0
 |   |   |- Guid:2CE12F874AA39D020A0F4BA5739BD305 BaseClass: NativeClass:/Script/Engine.SkyAtmosphere Name:SkyAtmosphere_UAID_A85E45CFE40401D200_1470382762 Label:SkyAtmosphere SpatiallyLoaded:0 Bounds:IsValid=true, Min=(X=0.000 Y=0.000 Z=0.000), Max=(X=0.000 Y=0.000 Z=0.000) RuntimeGrid:None EditorOnly:0 RuntimeOnly:0 HLODRelevant:0 FolderPath:Lighting FolderGuid:B7E9BD5B45A652654791988DEF54CCEB
 |   |   |- Guid:39F7CC6E4A589F76365B53A919DA54F8 BaseClass:/Game/Blueprints/BP_SplineLayoutTool.BP_SplineLayoutTool_C NativeClass:/Script/Engine.Actor Name:BP_SplineLayoutTool_C_UAID_846993C9AC3DA87401_1985840229 Label:BP_SplineLayoutTool SpatiallyLoaded:1 Bounds:IsValid=true, Min=(X=738.106 Y=-383.918 Z=-391.457), Max=(X=77888.395 Y=21289.414 Z=8951.348) RuntimeGrid:None EditorOnly:0 RuntimeOnly:0 HLODRelevant:0
 |   |   |- Guid:5368FABB47D6D9580DAECA8B0417BF92 BaseClass: NativeClass:/Script/Engine.WorldDataLayers Name:WorldDataLayers Label:WorldDataLayers-1 SpatiallyLoaded:0 Bounds:IsValid=true, Min=(X=0.000 Y=0.000 Z=0.000), Max=(X=0.000 Y=0.000 Z=0.000) RuntimeGrid:None EditorOnly:0 RuntimeOnly:0 HLODRelevant:0
 |   |   |- Guid:AAAC6B5742760A58C2206DB37E44683C BaseClass: NativeClass:/Script/Engine.DirectionalLight Name:DirectionalLight_UAID_A85E45CFE40401D200_1470382761 Label:DirectionalLight SpatiallyLoaded:0 Bounds:IsValid=true, Min=(X=-4398046511104.000 Y=-4398046511104.000 Z=-4398046511104.000), Max=(X=4398046511104.000 Y=4398046511104.000 Z=4398046511104.000) RuntimeGrid:None EditorOnly:0 RuntimeOnly:0 HLODRelevant:0 FolderPath:Lighting FolderGuid:B7E9BD5B45A652654791988DEF54CCEB
 |   |   |- Guid:D3FB7383421AAEFD3DB6F8B1E415A9FE BaseClass: NativeClass:/Script/Engine.ExponentialHeightFog Name:ExponentialHeightFog_UAID_A85E45CFE40401D200_1470382763 Label:ExponentialHeightFog SpatiallyLoaded:0 Bounds:IsValid=true, Min=(X=-5600.000 Y=-50.000 Z=-6850.000), Max=(X=-5600.000 Y=-50.000 Z=-6850.000) RuntimeGrid:None EditorOnly:0 RuntimeOnly:0 HLODRelevant:0 FolderPath:Lighting FolderGuid:B7E9BD5B45A652654791988DEF54CCEB
 |   |- [+] Clusters:
 |   |   |- [+] [  0]
 |   |   |   |- Guid:1DE8D7AC4103A2EABA11649C7FCF8ACA BaseClass: NativeClass:/Script/Engine.SkyLight Name:SkyLight_UAID_A85E45CFE40401D200_1470380759 Label:SkyLight SpatiallyLoaded:0 Bounds:IsValid=true, Min=(X=0.000 Y=0.000 Z=0.000), Max=(X=0.000 Y=0.000 Z=0.000) RuntimeGrid:None EditorOnly:0 RuntimeOnly:0 HLODRelevant:0 FolderPath:Lighting FolderGuid:B7E9BD5B45A652654791988DEF54CCEB
 |   |   |- [+] [  1]
 |   |   |   |- Guid:2CE12F874AA39D020A0F4BA5739BD305 BaseClass: NativeClass:/Script/Engine.SkyAtmosphere Name:SkyAtmosphere_UAID_A85E45CFE40401D200_1470382762 Label:SkyAtmosphere SpatiallyLoaded:0 Bounds:IsValid=true, Min=(X=0.000 Y=0.000 Z=0.000), Max=(X=0.000 Y=0.000 Z=0.000) RuntimeGrid:None EditorOnly:0 RuntimeOnly:0 HLODRelevant:0 FolderPath:Lighting FolderGuid:B7E9BD5B45A652654791988DEF54CCEB
 |   |   |- [+] [  2]
 |   |   |   |- Guid:1F7CA867472BA696A8FD3F817AFB4738 BaseClass:/Game/Blueprints/BP_SplineLayoutTool.BP_SplineLayoutTool_C NativeClass:/Script/Engine.Actor Name:BP_SplineLayoutTool_C_UAID_846993C9AC3DA97401_1586575406 Label:BP_SplineLayoutTool SpatiallyLoaded:1 Bounds:IsValid=true, Min=(X=47877.133 Y=32372.260 Z=-18586.579), Max=(X=1680827.241 Y=57471.499 Z=22004.386) RuntimeGrid:None EditorOnly:0 RuntimeOnly:0 HLODRelevant:0
 |   |   |- [+] [  3]
 |   |   |   |- Guid:5368FABB47D6D9580DAECA8B0417BF92 BaseClass: NativeClass:/Script/Engine.WorldDataLayers Name:WorldDataLayers Label:WorldDataLayers-1 SpatiallyLoaded:0 Bounds:IsValid=true, Min=(X=0.000 Y=0.000 Z=0.000), Max=(X=0.000 Y=0.000 Z=0.000) RuntimeGrid:None EditorOnly:0 RuntimeOnly:0 HLODRelevant:0
 |   |   |- [+] [  4]
 |   |   |   |- Guid:39F7CC6E4A589F76365B53A919DA54F8 BaseClass:/Game/Blueprints/BP_SplineLayoutTool.BP_SplineLayoutTool_C NativeClass:/Script/Engine.Actor Name:BP_SplineLayoutTool_C_UAID_846993C9AC3DA87401_1985840229 Label:BP_SplineLayoutTool SpatiallyLoaded:1 Bounds:IsValid=true, Min=(X=738.106 Y=-383.918 Z=-391.457), Max=(X=77888.395 Y=21289.414 Z=8951.348) RuntimeGrid:None EditorOnly:0 RuntimeOnly:0 HLODRelevant:0
 |   |   |- [+] [  5]
 |   |   |   |- Guid:AAAC6B5742760A58C2206DB37E44683C BaseClass: NativeClass:/Script/Engine.DirectionalLight Name:DirectionalLight_UAID_A85E45CFE40401D200_1470382761 Label:DirectionalLight SpatiallyLoaded:0 Bounds:IsValid=true, Min=(X=-4398046511104.000 Y=-4398046511104.000 Z=-4398046511104.000), Max=(X=4398046511104.000 Y=4398046511104.000 Z=4398046511104.000) RuntimeGrid:None EditorOnly:0 RuntimeOnly:0 HLODRelevant:0 FolderPath:Lighting FolderGuid:B7E9BD5B45A652654791988DEF54CCEB
 |   |   |- [+] [  6]
 |   |   |   |- Guid:D3FB7383421AAEFD3DB6F8B1E415A9FE BaseClass: NativeClass:/Script/Engine.ExponentialHeightFog Name:ExponentialHeightFog_UAID_A85E45CFE40401D200_1470382763 Label:ExponentialHeightFog SpatiallyLoaded:0 Bounds:IsValid=true, Min=(X=-5600.000 Y=-50.000 Z=-6850.000), Max=(X=-5600.000 Y=-50.000 Z=-6850.000) RuntimeGrid:None EditorOnly:0 RuntimeOnly:0 HLODRelevant:0 FolderPath:Lighting FolderGuid:B7E9BD5B45A652654791988DEF54CCEB
 |- ContainerInstances:
 |- [+] MainContainer:
 |   |-        ID: 0x0000000000000000
 |   |-    Bounds: IsValid=true, Min=(X=738.106 Y=-383.918 Z=-18586.579), Max=(X=1680827.241 Y=57471.499 Z=22004.386)
 |   |- Transform: 0.000000,0.000000,0.000000|0.000000,0.000000,-0.000000|1.000000,1.000000,1.000000
 |   |- Container: /Game/Levels/PrototypeLevel
----------------------------------------------------------------------------------------------------------------
PrototypeLevel - Persistent Level
----------------------------------------------------------------------------------------------------------------
Always loaded Actor Count: 14 

----------------------------------------------------------------------------------------------------------------
PrototypeLevel - Runtime Spatial Hash - Streaming Grid - MainGrid
----------------------------------------------------------------------------------------------------------------
            Origin: X=0.000 Y=0.000 Z=0.000
         Cell Size: 25600
      World Bounds: IsValid=true, Min=(X=738.106 Y=-383.918 Z=-18586.579), Max=(X=1680827.241 Y=57471.499 Z=22004.386)
     Loading Range: 76800.00
Block Slow Loading: No
 ClientOnlyVisible: No

[+] Grid Levels: 9
 |- Level  0: Cell Count    0 | Cell Size   25600 | Actor Count    0 (0.0%)
 |- Level  1: Cell Count    0 | Cell Size   51200 | Actor Count    0 (0.0%)
 |- Level  2: Cell Count    0 | Cell Size  102400 | Actor Count    0 (0.0%)
 |- Level  3: Cell Count    0 | Cell Size  204800 | Actor Count    0 (0.0%)
 |- Level  4: Cell Count    0 | Cell Size  409600 | Actor Count    0 (0.0%)
 |- Level  5: Cell Count    0 | Cell Size  819200 | Actor Count    0 (0.0%)
 |- Level  6: Cell Count    0 | Cell Size 1638400 | Actor Count    0 (0.0%)
 |- Level  7: Cell Count    1 | Cell Size 3276800 | Actor Count    1 (100.0%)
 |- Level  8: Cell Count    0 | Cell Size 6553600 | Actor Count    0 (0.0%)

[+] Content of Grid Level 0
[+] Content of Grid Level 1
[+] Content of Grid Level 2
[+] Content of Grid Level 3
[+] Content of Grid Level 4
[+] Content of Grid Level 5
[+] Content of Grid Level 6
[+] Content of Grid Level 7
 |- [+] Content of Cell MainGrid_L7_X0_Y0
 |   |- Actor Count: 1
 |   |- MinMaxZ: X=-18586.579 Y=22004.386
 |   |- Actor Path: /Game/Levels/UEDPIE_0_PrototypeLevel.PrototypeLevel:PersistentLevel.BP_SplineLayoutTool_C_UAID_846993C9AC3DA97401_1586575406
 |   |- Actor Package: /Game/__ExternalActors__/Levels/PrototypeLevel/D/CH/42BSBTP3V2P9Z2O10JT2UE
[+] Content of Grid Level 8

